[09:27:13] [ServerMain/INFO]: [bootstrap] Running Java 21 (OpenJDK 64-Bit Server VM 21.0.5+11-LTS; Eclipse Adoptium Temurin-21.0.5+11) on Linux 5.15.167.4-microsoft-standard-WSL2 (amd64)
[09:27:13] [ServerMain/INFO]: [bootstrap] Loading Paper 1.21.3-81-master@da71382 (2024-12-03T14:58:13Z) for Minecraft 1.21.3
[09:27:13] [ServerMain/WARN]: [oshi.software.os.linux.LinuxOperatingSystem] Did not find udev library in operating system. Some features may not work.
[09:27:13] [ServerMain/INFO]: [PluginInitializerManager] Initializing plugins...
[09:27:14] [Paper Plugin Remapper Thread - 0/INFO]: [PluginRemapper] Remapping plugin 'plugins/floodgate-spigot.jar'...
[09:27:19] [Paper Plugin Remapper Thread - 0/INFO]: [PluginRemapper] Done remapping plugin 'plugins/floodgate-spigot.jar' in 4480ms.
[09:27:19] [ServerMain/INFO]: [PluginInitializerManager] Initialized 2 plugins
[09:27:19] [ServerMain/INFO]: [PluginInitializerManager] Bukkit plugins (2):
 - Geyser-Spigot (2.5.1-SNAPSHOT), floodgate (2.2.3-SNAPSHOT (b114-83fbd6e))
[09:27:23] [ServerMain/INFO]: Environment: Environment[sessionHost=https://sessionserver.mojang.com, servicesHost=https://api.minecraftservices.com, name=PROD]
[09:27:27] [ServerMain/INFO]: Loaded 1337 recipes
[09:27:27] [ServerMain/INFO]: Loaded 1448 advancements
[09:27:27] [Server thread/INFO]: Starting minecraft server version 1.21.3
[09:27:27] [Server thread/WARN]: ****************************
[09:27:27] [Server thread/WARN]: YOU ARE RUNNING THIS SERVER AS AN ADMINISTRATIVE OR ROOT USER. THIS IS NOT ADVISED.
[09:27:27] [Server thread/WARN]: YOU ARE OPENING YOURSELF UP TO POTENTIAL RISKS WHEN DOING THIS.
[09:27:27] [Server thread/WARN]: FOR MORE INFORMATION, SEE https://madelinemiller.dev/blog/root-minecraft-server/
[09:27:27] [Server thread/WARN]: ****************************
[09:27:27] [Server thread/INFO]: Loading properties
[09:27:28] [Server thread/INFO]: This server is running Paper version 1.21.3-81-master@da71382 (2024-12-03T14:58:13Z) (Implementing API version 1.21.3-R0.1-SNAPSHOT)
[09:27:28] [Server thread/INFO]: [spark] This server bundles the spark profiler. For more information please visit https://docs.papermc.io/paper/profiling
[09:27:28] [Server thread/INFO]: Using 4 threads for Netty based IO
[09:27:28] [Server thread/INFO]: Server Ping Player Sample Count: 12
[09:27:29] [Server thread/INFO]: [MoonriseCommon] Paper is using 4 worker threads, 1 I/O threads
[09:27:29] [Server thread/INFO]: [ChunkTaskScheduler] Chunk system is using population gen parallelism: true
[09:27:29] [Server thread/INFO]: Default game type: SURVIVAL
[09:27:29] [Server thread/INFO]: Generating keypair
[09:27:29] [Server thread/INFO]: Starting Minecraft server on *:25565
[09:27:29] [Server thread/INFO]: Using epoll channel type
[09:27:29] [Server thread/INFO]: Paper: Using libdeflate (Linux x86_64, musl) compression from Velocity.
[09:27:29] [Server thread/INFO]: Paper: Using OpenSSL 3.x.x (Linux x86_64, musl) cipher from Velocity.
[09:27:30] [Server thread/INFO]: [floodgate] Loading server plugin floodgate v2.2.3-SNAPSHOT (b114-83fbd6e)
[09:27:31] [Server thread/INFO]: [floodgate] Took 1,120ms to boot Floodgate
[09:27:31] [Server thread/INFO]: [Geyser-Spigot] Loading server plugin Geyser-Spigot v2.5.1-SNAPSHOT
[09:27:33] [Server thread/INFO]: [Geyser-Spigot] Loading extensions...
[09:27:33] [Server thread/INFO]: [Geyser-Spigot] Loaded 0 extension(s)
[09:27:33] [Server thread/INFO]: Server permissions file permissions.yml is empty, ignoring it
[09:27:33] [Server thread/INFO]: Preparing level "world"
[09:27:33] [Server thread/INFO]: Preparing start region for dimension minecraft:overworld
[09:27:33] [Server thread/INFO]: Preparing spawn area: 0%
[09:27:34] [Paper Common Worker #1/INFO]: [MCTypeRegistry] Initialising converters for DataConverter...
[09:27:34] [Paper Common Worker #1/INFO]: [MCTypeRegistry] Finished initialising converters for DataConverter in 384.0ms
[09:27:34] [Server thread/INFO]: Preparing spawn area: 93%
[09:27:34] [Server thread/INFO]: Preparing spawn area: 93%
[09:27:34] [Server thread/INFO]: Time elapsed: 1036 ms
[09:27:34] [Server thread/INFO]: Preparing start region for dimension minecraft:the_nether
[09:27:34] [Server thread/INFO]: Preparing spawn area: 0%
[09:27:34] [Server thread/INFO]: Time elapsed: 81 ms
[09:27:34] [Server thread/INFO]: Preparing start region for dimension minecraft:the_end
[09:27:34] [Server thread/INFO]: Preparing spawn area: 0%
[09:27:34] [Server thread/INFO]: Time elapsed: 57 ms
[09:27:34] [Server thread/INFO]: [floodgate] Enabling floodgate v2.2.3-SNAPSHOT (b114-83fbd6e)
[09:27:35] [Server thread/INFO]: [Geyser-Spigot] Enabling Geyser-Spigot v2.5.1-SNAPSHOT
[09:27:35] [Server thread/INFO]: [spark] Starting background profiler...
[09:27:35] [Server thread/INFO]: [Geyser-Spigot] ******************************************
[09:27:35] [Server thread/INFO]: [Geyser-Spigot] 
[09:27:35] [Server thread/INFO]: [Geyser-Spigot] Loading Geyser version 2.5.1-b726 (git-master-2019e53)
[09:27:35] [Server thread/INFO]: [Geyser-Spigot] 
[09:27:35] [Server thread/INFO]: [Geyser-Spigot] ******************************************
[09:27:38] [epollEventLoopGroup-3-1/INFO]: [Geyser-Spigot] Started Geyser on UDP port 19132
[09:27:38] [Server thread/INFO]: [Geyser-Spigot] Done (2.92s)! Run /geyser help for help!
[09:27:38] [Server thread/INFO]: Done preparing level "world" (5.866s)
[09:27:38] [Server thread/INFO]: Running delayed init tasks
[09:27:38] [Server thread/INFO]: Done (26.976s)! For help, type "help"
[09:27:40] [ForkJoinPool.commonPool-worker-8/WARN]: [Geyser-Spigot] Missing MC locale file: en_us
[09:27:40] [ForkJoinPool.commonPool-worker-8/INFO]: [Geyser-Spigot] Downloading Minecraft JAR to extract required files, please wait... (this may take some time depending on the speed of your internet connection)
[09:28:19] [ForkJoinPool.commonPool-worker-8/INFO]: [Geyser-Spigot] Minecraft JAR has been successfully downloaded and loaded!
